<?xml version="1.0" encoding="utf-8"?><testsuites name="pytest tests"><testsuite name="pytest" errors="0" failures="2" skipped="0" tests="14" time="4.360" timestamp="2026-07-14T10:35:13.187244+00:00" hostname="agent-env-40977dc8-3c87-429b-8e8d-e7f13fbf964a"><testcase classname="tests.test_backend.TestLogin" name="test_login_demo_success" time="0.408" /><testcase classname="tests.test_backend.TestLogin" name="test_login_ca_success" time="0.507" /><testcase classname="tests.test_backend.TestAI" name="test_ai_suggest_anthropic" time="2.658"><failure message="AssertionError: anthropic failed: {&quot;detail&quot;:&quot;AI call failed: Failed to generate chat completion: litellm.BadRequestError: OpenAIException - Budget has been exceeded! Current cost: 0.0, Max budget: 0.0&quot;}&#10;assert 500 == 200&#10; +  where 500 = &lt;Response [500]&gt;.status_code">backend/tests/test_backend.py:115: in test_ai_suggest_anthropic
    assert r.status_code == 200, f"anthropic failed: {r.text[:400]}"
E   AssertionError: anthropic failed: {"detail":"AI call failed: Failed to generate chat completion: litellm.BadRequestError: OpenAIException - Budget has been exceeded! Current cost: 0.0, Max budget: 0.0"}
E   assert 500 == 200
E    +  where 500 = &lt;Response [500]&gt;.status_code</failure></testcase><testcase classname="tests.test_backend.TestLogin" name="test_login_non_allowlisted_returns_403" time="1.281" /><testcase classname="tests.test_backend.TestLogin" name="test_login_wrong_password_returns_401" time="0.346" /><testcase classname="tests.test_backend.TestAI" name="test_ai_suggest_openai" time="0.754"><failure message="AssertionError: openai failed: {&quot;detail&quot;:&quot;AI call failed: Failed to generate chat completion: litellm.BadRequestError: OpenAIException - Budget has been exceeded! Current cost: 0.0, Max budget: 0.0&quot;}&#10;assert 500 == 200&#10; +  where 500 = &lt;Response [500]&gt;.status_code">backend/tests/test_backend.py:126: in test_ai_suggest_openai
    assert r.status_code == 200, f"openai failed: {r.text[:400]}"
E   AssertionError: openai failed: {"detail":"AI call failed: Failed to generate chat completion: litellm.BadRequestError: OpenAIException - Budget has been exceeded! Current cost: 0.0, Max budget: 0.0"}
E   assert 500 == 200
E    +  where 500 = &lt;Response [500]&gt;.status_code</failure></testcase><testcase classname="tests.test_backend.TestLogin" name="test_auth_me_with_token" time="0.529" /><testcase classname="tests.test_backend.TestLogin" name="test_auth_me_no_token_401" time="0.093" /><testcase classname="tests.test_backend.TestLogin" name="test_auth_me_bad_token_401" time="0.132" /><testcase classname="tests.test_backend.TestHealth" name="test_root_ok" time="0.130" /><testcase classname="tests.test_backend.TestAllowlist" name="test_allowlist_returns_three" time="0.096" /><testcase classname="tests.test_backend.TestAI" name="test_ai_requires_auth" time="0.155" /><testcase classname="tests.test_backend.TestPortfolio" name="test_save_and_get_portfolio" time="0.202" /><testcase classname="tests.test_backend.TestPortfolio" name="test_portfolio_requires_auth" time="0.097" /></testsuite></testsuites>