<?xml version="1.0" encoding="utf-8"?><testsuites name="pytest tests"><testsuite name="pytest" errors="0" failures="2" skipped="0" tests="17" time="4.183" timestamp="2026-07-15T06:00:46.893653+00:00" hostname="agent-env-40977dc8-3c87-429b-8e8d-e7f13fbf964a"><testcase classname="tests.test_backend.TestLogin" name="test_login_demo_success" time="0.370" /><testcase classname="tests.test_backend.TestLogin" name="test_login_sets_http_only_cookie" time="1.556" /><testcase classname="tests.test_backend.TestAI" name="test_ai_suggest_anthropic" time="0.748"><failure message="AssertionError: anthropic failed: {&quot;detail&quot;:&quot;AI call failed: Failed to generate chat completion: litellm.AuthenticationError: AuthenticationError: OpenAIException - Invalid API key&quot;}&#10;assert 500 == 200&#10; +  where 500 = &lt;Response [500]&gt;.status_code">E   AssertionError: anthropic failed: {"detail":"AI call failed: Failed to generate chat completion: litellm.AuthenticationError: AuthenticationError: OpenAIException - Invalid API key"}
    assert 500 == 200
     +  where 500 = &lt;Response [500]&gt;.status_code</failure></testcase><testcase classname="tests.test_backend.TestAI" name="test_ai_suggest_openai" time="0.154"><failure message="AssertionError: openai failed: {&quot;detail&quot;:&quot;AI call failed: Failed to generate chat completion: litellm.AuthenticationError: AuthenticationError: OpenAIException - Invalid API key&quot;}&#10;assert 500 == 200&#10; +  where 500 = &lt;Response [500]&gt;.status_code">E   AssertionError: openai failed: {"detail":"AI call failed: Failed to generate chat completion: litellm.AuthenticationError: AuthenticationError: OpenAIException - Invalid API key"}
    assert 500 == 200
     +  where 500 = &lt;Response [500]&gt;.status_code</failure></testcase><testcase classname="tests.test_backend.TestAI" name="test_ai_requires_auth" time="0.096" /><testcase classname="tests.test_backend.TestPortfolio" name="test_save_and_get_portfolio" time="0.331" /><testcase classname="tests.test_backend.TestPortfolio" name="test_portfolio_requires_auth" time="0.094" /><testcase classname="tests.test_backend.TestHealth" name="test_root_ok" time="0.099" /><testcase classname="tests.test_backend.TestAllowlist" name="test_allowlist_returns_three" time="0.112" /><testcase classname="tests.test_backend.TestLogout" name="test_logout_clears_cookie" time="0.704" /><testcase classname="tests.test_backend.TestLogin" name="test_cookie_authenticates_me_endpoint" time="0.414" /><testcase classname="tests.test_backend.TestLogin" name="test_login_ca_success" time="0.317" /><testcase classname="tests.test_backend.TestLogin" name="test_login_non_allowlisted_returns_403" time="0.096" /><testcase classname="tests.test_backend.TestLogin" name="test_login_wrong_password_returns_401" time="0.316" /><testcase classname="tests.test_backend.TestLogin" name="test_auth_me_with_token" time="0.417" /><testcase classname="tests.test_backend.TestLogin" name="test_auth_me_no_token_401" time="0.134" /><testcase classname="tests.test_backend.TestLogin" name="test_auth_me_bad_token_401" time="0.100" /></testsuite></testsuites>